<?xml version="1.0" encoding="UTF-8"?>
<testng-results total="1" passed="0" failed="0" skipped="1">
  <reporter-output>
  </reporter-output>
  <suite started-at="2024-02-23T15:13:51Z" name="Smoke Test" finished-at="2024-02-23T15:13:59Z" duration-ms="8535">
    <groups>
    </groups>
    <test started-at="2024-02-23T15:13:51Z" name="VirtualReception" finished-at="2024-02-23T15:13:59Z" duration-ms="8535">
      <class name="org.testinterview.tests.CheckVirtualReceptionSmokeTest">
        <test-method is-config="true" signature="startBrowser()[pri:0, instance:org.testinterview.tests.CheckVirtualReceptionSmokeTest@3e58a80e]" started-at="2024-02-23T19:13:51Z" name="startBrowser" finished-at="2024-02-23T19:13:58Z" duration-ms="7328" status="PASS">
          <reporter-output>
          </reporter-output>
        </test-method> <!-- startBrowser -->
        <test-method is-config="true" signature="setup()[pri:0, instance:org.testinterview.tests.CheckVirtualReceptionSmokeTest@3e58a80e]" started-at="2024-02-23T19:13:58Z" name="setup" finished-at="2024-02-23T19:13:58Z" duration-ms="0" status="PASS">
          <reporter-output>
          </reporter-output>
        </test-method> <!-- setup -->
        <test-method signature="smokeTest(org.testinterview.objects.User)[pri:0, instance:org.testinterview.tests.CheckVirtualReceptionSmokeTest@3e58a80e]" started-at="2024-02-23T19:13:58Z" name="smokeTest" data-provider="smoke-data-provider" finished-at="2024-02-23T19:13:58Z" duration-ms="0" status="SKIP">
          <exception class="java.lang.RuntimeException">
            <message>
              <![CDATA[Can't invoke method public java.lang.Object[][] org.testinterview.dataproviders.SmokeTestsDataProvider.smokeDataProvider() on this instance of class org.testinterview.tests.CheckVirtualReceptionSmokeTest due to class mismatch]]>
            </message>
            <full-stacktrace>
              <![CDATA[java.lang.RuntimeException: Can't invoke method public java.lang.Object[][] org.testinterview.dataproviders.SmokeTestsDataProvider.smokeDataProvider() on this instance of class org.testinterview.tests.CheckVirtualReceptionSmokeTest due to class mismatch
	at org.testng.internal.MethodInvocationHelper.invokeMethod(MethodInvocationHelper.java:75)
	at org.testng.internal.MethodInvocationHelper.invokeDataProvider(MethodInvocationHelper.java:137)
	at org.testng.internal.Parameters.handleParameters(Parameters.java:430)
	at org.testng.internal.Invoker.handleParameters(Invoker.java:1274)
	at org.testng.internal.Invoker.createParameters(Invoker.java:989)
	at org.testng.internal.Invoker.invokeTestMethods(Invoker.java:1079)
	at org.testng.internal.TestMethodWorker.invokeTestMethods(TestMethodWorker.java:129)
	at org.testng.internal.TestMethodWorker.run(TestMethodWorker.java:112)
	at org.testng.TestRunner.privateRun(TestRunner.java:782)
	at org.testng.TestRunner.run(TestRunner.java:632)
	at org.testng.SuiteRunner.runTest(SuiteRunner.java:366)
	at org.testng.SuiteRunner.runSequentially(SuiteRunner.java:361)
	at org.testng.SuiteRunner.privateRun(SuiteRunner.java:319)
	at org.testng.SuiteRunner.run(SuiteRunner.java:268)
	at org.testng.SuiteRunnerWorker.runSuite(SuiteRunnerWorker.java:52)
	at org.testng.SuiteRunnerWorker.run(SuiteRunnerWorker.java:86)
	at org.testng.TestNG.runSuitesSequentially(TestNG.java:1244)
	at org.testng.TestNG.runSuitesLocally(TestNG.java:1169)
	at org.testng.TestNG.run(TestNG.java:1064)
	at org.testinterview.runner.Runner.run(Runner.java:46)
	at org.testinterview.runner.Runner.main(Runner.java:23)
]]>
            </full-stacktrace>
          </exception> <!-- java.lang.RuntimeException -->
          <reporter-output>
          </reporter-output>
        </test-method> <!-- smokeTest -->
        <test-method is-config="true" signature="closeBrowser()[pri:0, instance:org.testinterview.tests.CheckVirtualReceptionSmokeTest@3e58a80e]" started-at="2024-02-23T19:13:58Z" name="closeBrowser" finished-at="2024-02-23T19:13:59Z" duration-ms="1198" status="PASS">
          <reporter-output>
          </reporter-output>
        </test-method> <!-- closeBrowser -->
      </class> <!-- org.testinterview.tests.CheckVirtualReceptionSmokeTest -->
    </test> <!-- VirtualReception -->
  </suite> <!-- Smoke Test -->
</testng-results>
