<?xml version="1.0" encoding="UTF-8"?>
<!-- Generated by org.testng.reporters.JUnitXMLReporter -->
<testsuite hostname="EPGETBIW03EC" failures="1" tests="1" name="VirtualReception" time="12.828" errors="0" timestamp="23 Feb 2024 20:15:10 GMT">
  <testcase classname="org.testinterview.tests.CheckVirtualReceptionSmokeTest" name="smokeTest" time="5.072">
    <failure type="java.lang.ClassCastException" message="class ru.yandex.qatools.htmlelements.element.Button cannot be cast to class org.openqa.selenium.internal.Locatable (ru.yandex.qatools.htmlelements.element.Button and org.openqa.selenium.internal.Locatable are in unnamed module of loader &amp;apos;app&amp;apos;)">
      <![CDATA[java.lang.ClassCastException: class ru.yandex.qatools.htmlelements.element.Button cannot be cast to class org.openqa.selenium.internal.Locatable (ru.yandex.qatools.htmlelements.element.Button and org.openqa.selenium.internal.Locatable are in unnamed module of loader 'app')
	at org.openqa.selenium.interactions.Actions.moveToElement(Actions.java:257)
	at org.testinterview.ui.elements.VirtualReceptionBlockElement.clickOnSendButton(VirtualReceptionBlockElement.java:126)
	at org.testinterview.ui.pages.VirtualReceptionPage.clickOnSendButton(VirtualReceptionPage.java:90)
	at org.testinterview.tests.CheckVirtualReceptionSmokeTest.smokeTest(CheckVirtualReceptionSmokeTest.java:38)
	at org.testinterview.runner.Runner.run(Runner.java:46)
	at org.testinterview.runner.Runner.main(Runner.java:23)
... Removed 21 stack frames]]>
    </failure>
  </testcase> <!-- smokeTest -->
</testsuite> <!-- VirtualReception -->
